2025-09-17 17:53:07 - feat: integrate logging and error handling
2025-09-17 12:23:07 - docs: document API endpoints
2025-09-17 13:22:07 - docs: add comprehensive README
2025-09-21 15:48:07 - chore: update requirements.txt
2025-09-21 12:37:07 - test: add unit tests for model validation
2025-09-21 10:12:07 - chore: update requirements.txt
2025-09-21 15:18:07 - feat: implement model evaluation metrics
2025-09-21 10:53:07 - docs: add comprehensive README
2025-10-02 13:54:07 - feat: implement core logic
2025-10-02 09:39:07 - docs: add comprehensive README
2025-10-02 15:40:07 - docs: add comprehensive README
2025-10-02 13:21:07 - feat: implement model evaluation metrics
2025-10-02 14:48:07 - feat: add data visualization layer
2025-10-09 17:23:07 - fix: resolve dependency conflicts
2025-10-09 09:09:07 - chore: update requirements.txt
2025-10-19 16:59:07 - docs: add comprehensive README
2025-11-03 16:17:07 - test: add unit tests for model validation
2025-11-03 17:26:07 - feat: integrate logging and error handling
2025-11-03 09:36:07 - fix: resolve dependency conflicts
2025-11-03 19:50:07 - fix: resolve dependency conflicts
2025-11-03 16:53:07 - chore: update requirements.txt
2025-11-10 19:15:07 - feat: integrate logging and error handling
2025-11-11 18:49:07 - test: add unit tests for model validation
2025-11-11 19:03:07 - fix: resolve dependency conflicts
2025-11-11 20:52:07 - feat: integrate logging and error handling
2025-11-11 15:50:07 - feat: implement core logic
2025-11-13 13:46:07 - feat: add data visualization layer
2025-11-13 17:52:07 - fix: resolve dependency conflicts
2025-11-13 08:02:07 - feat: implement core logic
2025-11-13 09:08:07 - refactor: optimize data loading performance
2025-11-13 12:19:07 - docs: add comprehensive README
2025-11-19 14:05:07 - chore: update requirements.txt
2025-11-19 22:49:07 - test: add unit tests for model validation
2025-11-19 20:16:07 - fix: resolve dependency conflicts
2025-11-19 13:23:07 - feat: implement model evaluation metrics
2025-11-20 08:41:07 - feat: implement model evaluation metrics
2025-11-20 16:27:07 - fix: resolve dependency conflicts
2025-11-20 22:26:07 - feat: add data visualization layer
2025-11-20 11:53:07 - feat: implement core logic
2025-11-26 19:05:07 - feat: integrate logging and error handling
2025-11-26 19:38:07 - fix: resolve dependency conflicts
2025-11-27 17:18:07 - chore: update requirements.txt
2025-11-27 09:03:07 - feat: implement core logic
2025-11-27 16:11:07 - chore: update requirements.txt
2025-11-27 18:49:07 - feat: integrate logging and error handling
2025-11-28 17:17:07 - fix: resolve dependency conflicts
2025-11-28 19:03:07 - feat: add data visualization layer
2025-11-30 11:06:07 - chore: update requirements.txt
2025-11-30 09:05:07 - feat: implement core logic
2025-11-30 16:42:07 - feat: add data visualization layer
2025-12-04 15:42:07 - refactor: optimize data loading performance
2025-12-04 13:20:07 - feat: add data visualization layer
2025-12-08 11:13:07 - feat: implement core logic
2025-12-08 14:19:07 - feat: implement model evaluation metrics
2025-12-14 19:05:07 - feat: add data visualization layer
2025-12-24 17:39:07 - chore: update requirements.txt
2025-12-24 15:47:07 - docs: document API endpoints
2025-12-24 12:54:07 - refactor: optimize data loading performance
2026-01-04 14:39:07 - feat: integrate logging and error handling
2026-01-04 17:10:07 - docs: document API endpoints
2026-01-04 20:43:07 - fix: resolve dependency conflicts
2026-01-12 22:04:07 - refactor: optimize data loading performance
2026-01-12 11:50:07 - feat: add data visualization layer
2026-01-12 19:46:07 - feat: implement core logic
2026-01-12 08:27:07 - test: add unit tests for model validation
2026-01-12 17:37:07 - refactor: optimize data loading performance
2026-01-15 22:59:07 - feat: implement model evaluation metrics
2026-01-16 17:29:07 - feat: implement model evaluation metrics
2026-01-16 11:08:07 - feat: implement model evaluation metrics
2026-01-16 14:55:07 - test: add unit tests for model validation
2026-01-19 14:25:07 - docs: add comprehensive README
2026-01-19 21:12:07 - docs: document API endpoints
2026-01-19 21:30:07 - feat: add data visualization layer
2026-01-21 16:58:07 - feat: implement core logic
2026-01-21 09:40:07 - feat: add data visualization layer
2026-01-26 12:52:07 - feat: add data visualization layer
2026-01-26 12:34:07 - refactor: optimize data loading performance
2026-01-26 18:19:07 - docs: add comprehensive README
2026-02-04 18:46:07 - fix: resolve dependency conflicts
2026-02-05 13:21:07 - fix: resolve dependency conflicts
2026-02-05 15:47:07 - feat: add data visualization layer
2026-02-13 10:11:07 - feat: implement model evaluation metrics
2026-02-13 13:44:07 - feat: integrate logging and error handling
2026-02-13 15:36:07 - feat: implement model evaluation metrics
2026-02-13 12:52:07 - docs: document API endpoints
2026-02-13 09:07:07 - feat: implement core logic
2026-02-14 17:43:07 - feat: add data visualization layer
2026-02-14 19:00:07 - docs: add comprehensive README
2026-02-15 17:30:07 - test: add unit tests for model validation
2026-02-17 22:57:07 - feat: implement core logic
2026-02-17 20:44:07 - fix: resolve dependency conflicts
2026-02-18 08:12:07 - feat: add data visualization layer
2026-02-18 09:00:07 - docs: add comprehensive README
2026-02-18 08:43:07 - docs: add comprehensive README
2026-02-18 18:23:07 - docs: add comprehensive README
2026-02-19 11:16:07 - feat: integrate logging and error handling
2026-02-19 10:07:07 - docs: add comprehensive README
2026-02-19 13:47:07 - feat: implement model evaluation metrics
2026-02-19 10:21:07 - feat: implement core logic
2026-02-19 08:32:07 - feat: integrate logging and error handling
